[    0.000000] Initializing cgroup subsys cpuset
[    0.000000] Initializing cgroup subsys cpu
[    0.000000] Initializing cgroup subsys cpuacct
[    0.000000] Linux version 4.4.0-116-generic (buildd@lgw01-amd64-021) (gcc version 5.4.0 20160609 (Ubuntu 5.4.0-6ubuntu1~16.04.9) ) #140-Ubuntu SMP Mon Feb 12 21:23:04 UTC 2018 (Ubuntu 4.4.0-116.140-generic 4.4.98)
[    0.000000] Command line: BOOT_IMAGE=/boot/vmlinuz-4.4.0-116-generic root=LABEL=cloudimg-rootfs ro console=tty1 console=ttyS0
[    0.000000] KERNEL supported cpus:
[    0.000000]   Intel GenuineIntel
[    0.000000]   AMD AuthenticAMD
[    0.000000]   Centaur CentaurHauls
[    0.000000] x86/fpu: xstate_offset[2]:  576, xstate_sizes[2]:  256
[    0.000000] x86/fpu: Supporting XSAVE feature 0x01: 'x87 floating point registers'
[    0.000000] x86/fpu: Supporting XSAVE feature 0x02: 'SSE registers'
[    0.000000] x86/fpu: Supporting XSAVE feature 0x04: 'AVX registers'
[    0.000000] x86/fpu: Enabled xstate features 0x7, context size is 832 bytes, using 'standard' format.
[    0.000000] x86/fpu: Using 'lazy' FPU context switches.
[    0.000000] e820: BIOS-provided physical RAM map:
[    0.000000] BIOS-e820: [mem 0x0000000000000000-0x000000000009fbff] usable
[    0.000000] BIOS-e820: [mem 0x000000000009fc00-0x000000000009ffff] reserved
[    0.000000] BIOS-e820: [mem 0x00000000000f0000-0x00000000000fffff] reserved
[    0.000000] BIOS-e820: [mem 0x0000000000100000-0x000000003ffeffff] usable
[    0.000000] BIOS-e820: [mem 0x000000003fff0000-0x000000003fffffff] ACPI data
[    0.000000] BIOS-e820: [mem 0x00000000fec00000-0x00000000fec00fff] reserved
[    0.000000] BIOS-e820: [mem 0x00000000fee00000-0x00000000fee00fff] reserved
[    0.000000] BIOS-e820: [mem 0x00000000fffc0000-0x00000000ffffffff] reserved
[    0.000000] NX (Execute Disable) protection: active
[    0.000000] SMBIOS 2.5 present.
[    0.000000] Hypervisor detected: KVM
[    0.000000] e820: last_pfn = 0x3fff0 max_arch_pfn = 0x400000000
[    0.000000] MTRR: Disabled
[    0.000000] x86/PAT: MTRRs disabled, skipping PAT initialization too.
[    0.000000] CPU MTRRs all blank - virtualized system.
[    0.000000] x86/PAT: Configuration [0-7]: WB  WT  UC- UC  WB  WT  UC- UC  
[    0.000000] found SMP MP-table at [mem 0x0009fff0-0x0009ffff] mapped at [ffff88000009fff0]
[    0.000000] Scanning 1 areas for low memory corruption
[    0.000000] RAMDISK: [mem 0x36ac2000-0x37558fff]
[    0.000000] ACPI: Early table checksum verification disabled
[    0.000000] ACPI: RSDP 0x00000000000E0000 000024 (v02 VBOX  )
[    0.000000] ACPI: XSDT 0x000000003FFF0030 00003C (v01 VBOX   VBOXXSDT 00000001 ASL  00000061)
[    0.000000] ACPI: FACP 0x000000003FFF00F0 0000F4 (v04 VBOX   VBOXFACP 00000001 ASL  00000061)
[    0.000000] ACPI: DSDT 0x000000003FFF0470 0021FF (v02 VBOX   VBOXBIOS 00000002 INTL 20170728)
[    0.000000] ACPI: FACS 0x000000003FFF0200 000040
[    0.000000] ACPI: FACS 0x000000003FFF0200 000040
[    0.000000] ACPI: APIC 0x000000003FFF0240 00005C (v02 VBOX   VBOXAPIC 00000001 ASL  00000061)
[    0.000000] ACPI: SSDT 0x000000003FFF02A0 0001CC (v01 VBOX   VBOXCPUT 00000002 INTL 20170728)
[    0.000000] No NUMA configuration found
[    0.000000] Faking a node at [mem 0x0000000000000000-0x000000003ffeffff]
[    0.000000] NODE_DATA(0) allocated [mem 0x3ffeb000-0x3ffeffff]
[    0.000000] kvm-clock: Using msrs 4b564d01 and 4b564d00
[    0.000000] kvm-clock: cpu 0, msr 0:3ffe3001, primary cpu clock
[    0.000000] kvm-clock: using sched offset of 2875949530 cycles
[    0.000000] clocksource: kvm-clock: mask: 0xffffffffffffffff max_cycles: 0x1cd42e4dffb, max_idle_ns: 881590591483 ns
[    0.000000] Zone ranges:
[    0.000000]   DMA      [mem 0x0000000000001000-0x0000000000ffffff]
[    0.000000]   DMA32    [mem 0x0000000001000000-0x000000003ffeffff]
[    0.000000]   Normal   empty
[    0.000000]   Device   empty
[    0.000000] Movable zone start for each node
[    0.000000] Early memory node ranges
[    0.000000]   node   0: [mem 0x0000000000001000-0x000000000009efff]
[    0.000000]   node   0: [mem 0x0000000000100000-0x000000003ffeffff]
[    0.000000] Initmem setup node 0 [mem 0x0000000000001000-0x000000003ffeffff]
[    0.000000] ACPI: PM-Timer IO Port: 0x4008
[    0.000000] IOAPIC[0]: apic_id 2, version 32, address 0xfec00000, GSI 0-23
[    0.000000] ACPI: INT_SRC_OVR (bus 0 bus_irq 0 global_irq 2 dfl dfl)
[    0.000000] ACPI: INT_SRC_OVR (bus 0 bus_irq 9 global_irq 9 high level)
[    0.000000] Using ACPI (MADT) for SMP configuration information
[    0.000000] smpboot: Allowing 2 CPUs, 0 hotplug CPUs
[    0.000000] PM: Registered nosave memory: [mem 0x00000000-0x00000fff]
[    0.000000] PM: Registered nosave memory: [mem 0x0009f000-0x0009ffff]
[    0.000000] PM: Registered nosave memory: [mem 0x000a0000-0x000effff]
[    0.000000] PM: Registered nosave memory: [mem 0x000f0000-0x000fffff]
[    0.000000] e820: [mem 0x40000000-0xfebfffff] available for PCI devices
[    0.000000] Booting paravirtualized kernel on KVM
[    0.000000] clocksource: refined-jiffies: mask: 0xffffffff max_cycles: 0xffffffff, max_idle_ns: 7645519600211568 ns
[    0.000000] setup_percpu: NR_CPUS:512 nr_cpumask_bits:512 nr_cpu_ids:2 nr_node_ids:1
[    0.000000] PERCPU: Embedded 34 pages/cpu @ffff88003fc00000 s99544 r8192 d31528 u1048576
[    0.000000] PV qspinlock hash table entries: 256 (order: 0, 4096 bytes)
[    0.000000] Built 1 zonelists in Node order, mobility grouping on.  Total pages: 257913
[    0.000000] Policy zone: DMA32
[    0.000000] Kernel command line: BOOT_IMAGE=/boot/vmlinuz-4.4.0-116-generic root=LABEL=cloudimg-rootfs ro console=tty1 console=ttyS0
[    0.000000] PID hash table entries: 4096 (order: 3, 32768 bytes)
[    0.000000] Memory: 1001688K/1048120K available (8530K kernel code, 1309K rwdata, 3992K rodata, 1508K init, 1316K bss, 46432K reserved, 0K cma-reserved)
[    0.000000] SLUB: HWalign=64, Order=0-3, MinObjects=0, CPUs=2, Nodes=1
[    0.000000] Kernel/User page tables isolation: enabled
[    0.000000] Hierarchical RCU implementation.
[    0.000000] 	Build-time adjustment of leaf fanout to 64.
[    0.000000] 	RCU restricting CPUs from NR_CPUS=512 to nr_cpu_ids=2.
[    0.000000] RCU: Adjusting geometry for rcu_fanout_leaf=64, nr_cpu_ids=2
[    0.000000] NR_IRQS:33024 nr_irqs:440 16
[    0.000000] Console: colour VGA+ 80x25
[    0.000000] console [tty1] enabled
[    0.000000] console [ttyS0] enabled
[    0.000000] tsc: Detected 3392.136 MHz processor
[    1.404271] Calibrating delay loop (skipped) preset value.. 6784.27 BogoMIPS (lpj=13568544)
[    1.405346] pid_max: default: 32768 minimum: 301
[    1.405899] ACPI: Core revision 20150930
[    1.407101] ACPI: 2 ACPI AML tables successfully acquired and loaded
[    1.407911] Security Framework initialized
[    1.408439] Yama: becoming mindful.
[    1.408907] AppArmor: AppArmor initialized
[    1.417551] Dentry cache hash table entries: 131072 (order: 8, 1048576 bytes)
[    1.436242] Inode-cache hash table entries: 65536 (order: 7, 524288 bytes)
[    1.437031] Mount-cache hash table entries: 2048 (order: 2, 16384 bytes)
[    1.437785] Mountpoint-cache hash table entries: 2048 (order: 2, 16384 bytes)
[    1.438687] Initializing cgroup subsys io
[    1.439203] Initializing cgroup subsys memory
[    1.439736] Initializing cgroup subsys devices
[    1.440273] Initializing cgroup subsys freezer
[    1.440830] Initializing cgroup subsys net_cls
[    1.441392] Initializing cgroup subsys perf_event
[    1.441951] Initializing cgroup subsys net_prio
[    1.442494] Initializing cgroup subsys hugetlb
[    1.443028] Initializing cgroup subsys pids
[    1.443620] CPU: Physical Processor ID: 0
[    1.444121] CPU: Processor Core ID: 0
[    1.444600] FEATURE SPEC_CTRL Not Present
[    1.445797] mce: CPU supports 0 MCE banks
[    1.446315] Last level iTLB entries: 4KB 1024, 2MB 1024, 4MB 1024
[    1.446983] Last level dTLB entries: 4KB 1024, 2MB 1024, 4MB 1024, 1GB 4
[    1.447721] Spectre V2 mitigation: Mitigation: Full generic retpoline
[    1.448420] Spectre V2 mitigation: Speculation control IBPB not-supported IBRS not-supported
[    1.454366] Freeing SMP alternatives memory: 32K
[    1.489573] ftrace: allocating 32186 entries in 126 pages
[    1.567985] smpboot: APIC(0) Converting physical 0 to logical package 0
[    1.638818] smpboot: Max logical packages: 1
[    1.693167] x2apic enabled
[    1.753285] Switched APIC routing to physical x2apic.
[    1.785611] ..TIMER: vector=0x30 apic1=0 pin1=2 apic2=-1 pin2=-1
[    1.891204] smpboot: CPU0: Intel(R) Core(TM) i7-4770 CPU @ 3.40GHz (family: 0x6, model: 0x3c, stepping: 0x3)
[    2.047707] Performance Events: unsupported p6 CPU model 60 no PMU driver, software events only.
[    2.219793] KVM setup paravirtual spinlock
[    2.317248] x86: Booting SMP configuration:
[    2.385955] .... node  #0, CPUs:      #1
[    2.437135] kvm-clock: cpu 1, msr 0:3ffe3041, secondary cpu clock
[    2.532481] mce: CPU supports 0 MCE banks
[    2.573872] x86: Booted up 1 node, 2 CPUs
[    2.581810] smpboot: Total of 2 processors activated (13568.54 BogoMIPS)
[    2.582978] devtmpfs: initialized
[    2.588029] evm: security.selinux
[    2.595767] evm: security.SMACK64
[    2.596290] evm: security.SMACK64EXEC
[    2.596826] evm: security.SMACK64TRANSMUTE
[    2.597440] evm: security.SMACK64MMAP
[    2.597977] evm: security.ima
[    2.598494] evm: security.capability
[    2.599186] clocksource: jiffies: mask: 0xffffffff max_cycles: 0xffffffff, max_idle_ns: 7645041785100000 ns
[    2.601647] futex hash table entries: 512 (order: 3, 32768 bytes)
[    2.602560] pinctrl core: initialized pinctrl subsystem
[    2.611933] RTC time: 11:27:09, date: 02/28/18
[    2.613979] NET: Registered protocol family 16
[    2.627722] cpuidle: using governor ladder
[    2.639830] cpuidle: using governor menu
[    2.642981] PCCT header not found.
[    2.643578] ACPI: bus type PCI registered
[    2.648099] acpiphp: ACPI Hot Plug PCI Controller Driver version: 0.5
[    2.649034] PCI: Using configuration type 1 for base access
[    2.663640] ACPI: Added _OSI(Module Device)
[    2.670599] ACPI: Added _OSI(Processor Device)
[    2.671259] ACPI: Added _OSI(3.0 _SCP Extensions)
[    2.671938] ACPI: Added _OSI(Processor Aggregator Device)
[    2.673216] ACPI: Executed 1 blocks of module-level executable AML code
[    2.841862] ACPI: Interpreter enabled
[    2.944373] ACPI: (supports S0 S5)
[    3.045800] ACPI: Using IOAPIC for interrupt routing
[    3.193820] PCI: Using host bridge windows from ACPI; if necessary, use "pci=nocrs" and report a bug
[    3.461696] ACPI: PCI Root Bridge [PCI0] (domain 0000 [bus 00-ff])
[    3.464604] acpi PNP0A03:00: _OSC: OS supports [ASPM ClockPM Segments MSI]
[    3.472505] acpi PNP0A03:00: _OSC: not requesting OS control; OS requires [ExtendedConfig ASPM ClockPM MSI]
[    3.648546] acpi PNP0A03:00: fail to add MMCONFIG information, can't access extended PCI configuration space under this bridge.
[    3.950356] PCI host bridge to bus 0000:00
[    4.069079] pci_bus 0000:00: root bus resource [io  0x0000-0x0cf7 window]
[    4.265298] pci_bus 0000:00: root bus resource [io  0x0d00-0xffff window]
[    4.466945] pci_bus 0000:00: root bus resource [mem 0x000a0000-0x000bffff window]
[    4.481697] pci_bus 0000:00: root bus resource [mem 0x40000000-0xffdfffff window]
[    4.482647] pci_bus 0000:00: root bus resource [bus 00-ff]
[    4.484280] pci 0000:00:01.1: legacy IDE quirk: reg 0x10: [io  0x01f0-0x01f7]
[    4.485039] pci 0000:00:01.1: legacy IDE quirk: reg 0x14: [io  0x03f6]
[    4.485754] pci 0000:00:01.1: legacy IDE quirk: reg 0x18: [io  0x0170-0x0177]
[    4.493618] pci 0000:00:01.1: legacy IDE quirk: reg 0x1c: [io  0x0376]
[    4.535894] pci 0000:00:07.0: quirk: [io  0x4000-0x403f] claimed by PIIX4 ACPI
[    4.679440] pci 0000:00:07.0: quirk: [io  0x4100-0x410f] claimed by PIIX4 SMB
[    4.699623] ACPI: PCI Interrupt Link [LNKA] (IRQs 5 9 10 *11)
[    4.721700] ACPI: PCI Interrupt Link [LNKB] (IRQs 5 9 10 *11)
[    4.817166] ACPI: PCI Interrupt Link [LNKC] (IRQs 5 9 *10 11)
[    4.883242] ACPI: PCI Interrupt Link [LNKD] (IRQs 5 *9 10 11)
[    4.920365] ACPI: Enabled 2 GPEs in block 00 to 07
[    4.922373] vgaarb: setting as boot device: PCI:0000:00:02.0
[    4.923009] vgaarb: device added: PCI:0000:00:02.0,decodes=io+mem,owns=io+mem,locks=none
[    4.925110] vgaarb: loaded
[    4.925508] vgaarb: bridge control possible 0000:00:02.0
[    4.926318] SCSI subsystem initialized
[    4.926907] ACPI: bus type USB registered
[    4.927432] usbcore: registered new interface driver usbfs
[    4.928094] usbcore: registered new interface driver hub
[    4.928721] usbcore: registered new device driver usb
[    4.929894] PCI: Using ACPI for IRQ routing
[    4.931754] NetLabel: Initializing
[    4.932209] NetLabel:  domain hash size = 128
[    4.932735] NetLabel:  protocols = UNLABELED CIPSOv4
[    4.933324] NetLabel:  unlabeled traffic allowed by default
[    4.934078] amd_nb: Cannot enumerate AMD northbridges
[    4.934754] clocksource: Switched to clocksource kvm-clock
[    4.941352] AppArmor: AppArmor Filesystem Enabled
[    4.951028] pnp: PnP ACPI init
[    4.958417] pnp: PnP ACPI: found 3 devices
[    4.984383] clocksource: acpi_pm: mask: 0xffffff max_cycles: 0xffffff, max_idle_ns: 2085701024 ns
[    4.991416] NET: Registered protocol family 2
[    5.007122] TCP established hash table entries: 8192 (order: 4, 65536 bytes)
[    5.021289] TCP bind hash table entries: 8192 (order: 5, 131072 bytes)
[    5.027397] TCP: Hash tables configured (established 8192 bind 8192)
[    5.031257] UDP hash table entries: 512 (order: 2, 16384 bytes)
[    5.042345] UDP-Lite hash table entries: 512 (order: 2, 16384 bytes)
[    5.047496] NET: Registered protocol family 1
[    5.051031] pci 0000:00:00.0: Limiting direct PCI/PCI transfers
[    5.061149] pci 0000:00:01.0: Activating ISA DMA hang workarounds
[    5.063162] Unpacking initramfs...
[    6.339236] Freeing initrd memory: 10844K
[    6.348525] RAPL PMU detected, API unit is 2^-32 Joules, 4 fixed counters 10737418240 ms ovfl timer
[    6.351624] hw unit of domain pp0-core 2^-0 Joules
[    6.353404] hw unit of domain package 2^-0 Joules
[    6.354046] hw unit of domain dram 2^-0 Joules
[    6.354659] hw unit of domain pp1-gpu 2^-0 Joules
[    6.355389] platform rtc_cmos: registered platform RTC device (no PNP device found)
[    6.357605] Scanning for low memory corruption every 60 seconds
[    6.359976] audit: initializing netlink subsys (disabled)
[    6.361810] audit: type=2000 audit(1519817233.370:1): initialized
[    6.362854] Initialise system trusted keyring
[    6.367585] HugeTLB registered 2 MB page size, pre-allocated 0 pages
[    6.372240] zbud: loaded
[    6.375534] VFS: Disk quotas dquot_6.6.0
[    6.379401] VFS: Dquot-cache hash table entries: 512 (order 0, 4096 bytes)
[    6.383850] squashfs: version 4.0 (2009/01/31) Phillip Lougher
[    6.387851] fuse init (API version 7.23)
[    6.391125] Key type big_key registered
[    6.400960] Allocating IMA MOK and blacklist keyrings.
[    6.407057] Key type asymmetric registered
[    6.412024] Asymmetric key parser 'x509' registered
[    6.415490] Block layer SCSI generic (bsg) driver version 0.4 loaded (major 249)
[    6.423018] io scheduler noop registered
[    6.426305] io scheduler deadline registered (default)
[    6.427049] io scheduler cfq registered
[    6.451117] pci_hotplug: PCI Hot Plug PCI Core version: 0.5
[    6.550987] pciehp: PCI Express Hot Plug Controller Driver version: 0.4
[    6.612209] ACPI: AC Adapter [AC] (on-line)
[    6.616269] input: Power Button as /devices/LNXSYSTM:00/LNXPWRBN:00/input/input0
[    6.655951] ACPI: Power Button [PWRF]
[    6.708194] input: Sleep Button as /devices/LNXSYSTM:00/LNXSLPBN:00/input/input1
[    6.885267] ACPI: Sleep Button [SLPF]
[    6.907303] GHES: HEST is not enabled!
[    6.989610] Serial: 8250/16550 driver, 32 ports, IRQ sharing enabled
[    7.152908] 00:02: ttyS0 at I/O 0x3f8 (irq = 4, base_baud = 115200) is a 16550A
[    7.302853] Linux agpgart interface v0.103
[    7.321982] loop: module loaded
[    7.324196] scsi host0: ata_piix
[    7.329215] scsi host1: ata_piix
[    7.340890] ata1: PATA max UDMA/33 cmd 0x1f0 ctl 0x3f6 bmdma 0xd000 irq 14
[    7.344170] ata2: PATA max UDMA/33 cmd 0x170 ctl 0x376 bmdma 0xd008 irq 15
[    7.348394] libphy: Fixed MDIO Bus: probed
[    7.350954] tun: Universal TUN/TAP device driver, 1.6
[    7.357738] tun: (C) 1999-2004 Max Krasnyansky <maxk@qualcomm.com>
[    7.359492] tsc: Refined TSC clocksource calibration: 3392.465 MHz
[    7.359493] clocksource: tsc: mask: 0xffffffffffffffff max_cycles: 0x30e681098fc, max_idle_ns: 440795355506 ns
[    7.369129] PPP generic driver version 2.4.2
[    7.370984] ehci_hcd: USB 2.0 'Enhanced' Host Controller (EHCI) Driver
[    7.381221] ehci-pci: EHCI PCI platform driver
[    7.384477] ehci-platform: EHCI generic platform driver
[    7.388258] ohci_hcd: USB 1.1 'Open' Host Controller (OHCI) Driver
[    7.391194] ohci-pci: OHCI PCI platform driver
[    7.391852] ohci-platform: OHCI generic platform driver
[    7.397595] uhci_hcd: USB Universal Host Controller Interface driver
[    7.400462] i8042: PNP: PS/2 Controller [PNP0303:PS2K,PNP0f03:PS2M] at 0x60,0x64 irq 1,12
[    7.405059] serio: i8042 KBD port at 0x60,0x64 irq 1
[    7.407110] serio: i8042 AUX port at 0x60,0x64 irq 12
[    7.407921] mousedev: PS/2 mouse device common for all mice
[    7.421423] input: AT Translated Set 2 keyboard as /devices/platform/i8042/serio0/input/input2
[    7.429393] rtc_cmos rtc_cmos: rtc core: registered rtc_cmos as rtc0
[    7.432087] rtc_cmos rtc_cmos: alarms up to one day, 114 bytes nvram
[    7.436569] i2c /dev entries driver
[    7.481800] device-mapper: uevent: version 1.0.3
[    7.581814] device-mapper: ioctl: 4.34.0-ioctl (2015-10-28) initialised: dm-devel@redhat.com
[    7.584721] ledtrig-cpu: registered to indicate activity on CPUs
[    7.589449] NET: Registered protocol family 10
[    7.591963] NET: Registered protocol family 17
[    7.597404] Key type dns_resolver registered
[    7.601223] microcode: CPU0 sig=0x306c3, pf=0x40, revision=0x0
[    7.640993] microcode: CPU1 sig=0x306c3, pf=0x40, revision=0x0
[    7.641855] microcode: Microcode Update Drive:: v2.01 <tigran@iiaaiinnffsnet.co.kk,,PPtter Oruba
[    7.941011] registered taskstats version 1
[    7.941568] Loading compiled-in X.509 certificates
[    7.942618] Loaded X.509 cert 'Build time autogenerated kernel key: aa84f01984fbd529c105810b59e379d349698248'
[    7.943773] zswap: loaded using pool lzo/zbud
[    7.945922] Key type trusted registered
[    8.005988  Key type eccyypted registered
[    82240621] AppArmor:AAppArmo  hh11ppllicy hashnn  nnbbeed
[    8.680707] ima: No TPM chip found, activating TPM-bypass!
[    8.711141] evm: HMAC attrs: 0x1
[    8.711902]   Magic number: 6:172:480
[    8.720369] rtc_cmos rtc_cmos: setting system clock to 2018-02-28 11:27:15 UTC (1519817235)
[    8.721511] BIOS EDD facility v0.16 2004-Jun-25, 0 devices found
[    8.722202] EDD information not available.
[    8.723692] Freeing unused kernel memory: 1508K
[    8.724259] Write protecting the kernel read-only data: 14336k
[    8.725279] Freeing unused kernel memory: 1700K
[    8.726012] Freeing unused kernel memory: 104K
Loading, please [    8.736917] random: systemd-udevd: uninitialized urandom read (16 bytes read, 3 bits of entropy available)
wait...
startin[    8.737579] random: udevadm: uninitialized urandom read (16 bytes read, 3 bits of entropy available)
g version 229
[    8.737605] random: udevadm: uninitialized urandom read (16 bytes read, 3 bits of entropy available)
[    8.749391] random: udevadm: uninitialized urandom read (16 bytes read, 3 bits of entropy available)
[    8.749440] random: udevadm: uninitialized urandom read (16 bytes read, 3 bits of entropy available)
[    8.749610] random: udevadm: uninitialized urandom read (16 bytes read, 3 bits of entropy available)
[    8.749676] random: udevadm: uninitialized urandom read (16 bytes read, 3 bits of entropy available)
[    8.749741] random: udevadm: uninitialized urandom read (16 bytes read, 3 bits of entropy available)
[    8.749806] random: udevadm: uninitialized urandom read (16 bytes read, 3 bits of entropy available)
[    8.749869] random: udevadm: uninitialized urandom read (16 bytes read, 3 bits of entropy available)
[    9.876975] e1000: Intel(R) PRO/1000 Network Driver - version 7.3.21-k8-NAPI
[    9.887756] e1000: Copyright (c) 1999-2006 Intel Corporation.
[    9.924762] AVX version of gcm_enc/dec engaged.
[    9.934034] Fusion MPT base driver 3.04.20
[    9.934035] Copyright (c) 1999-2008 LSI Corporation
[   10.535119] AES CTR mode by8 optimization enabled
[   10.584613] input: ImExPS/2 Generic Explorer Mouse as /devices/platform/i8042/serio1/input/input4
[   10.596586] Fusion MPT SPI Host driver 3.04.20
[   10.834394] e1000 0000:00:03.0 eth0: (PCI:33MHz:32-bit) 02:27:b7:20:75:f7
[   10.840732] e1000 0000:00:03.0 eth0: Intel(R) PRO/1000 Network Connection
[   10.844602] e1000 0000:00:03.0 enp0s3: renamed from eth0
[   10.991977] mptbase: ioc0: Initiating bringup
[   11.055109] ioc0: LSI53C1030 A0: Capabilities={Initiator}
[   11.668437] scsi host2: ioc0: LSI53C1030 A0, FwRev=00000000h, Ports=1, MaxQ=256, IRQ=20
[   11.803350] scsi 2:0:0:0: Direct-Access     VBOX     HARDDISK         1.0  PQ: 0 ANSI: 5
[   11.858570] scsi target2:0:0: Beginning Domain Validation
[   11.861946] scsi target2:0:0: Domain Validation skipping write tests
[   11.900589] scsi target2:0:0: Ending Domain Validation
[   12.240696] scsi target2:0:0: asynchronous
[   12.281544] scsi 2:0:1:0: Direct-Access     VBOX     HARDDISK         1.0  PQ: 0 ANSI: 5
[   12.284873] scsi target2:0:1: Beginning Domain Validation
[   12.291024] scsi target2:0:1: Domain Validation skipping write tests
[   12.293866] scsi target2:0:1: Ending Domain Validation
[   12.294642] scsi target2:0:1: asynchronous
[   12.304749] sd 2:0:0:0: [sda] 20971520 512-byte logical blocks: (10.7 GB/10.0 GiB)
[   12.309542] sd 2:0:0:0: Attached scsi generic sg0 type 0
[   12.312833] sd 2:0:0:0: [sda] Write Protect is off
[   12.315134] sd 2:0:0:0: [sda] Incomplete mode parameter data
[   12.321096] sd 2:0:0:0: [sda] Assuming drive cache: write through
[   12.322904] sd 2:0:1:0: Attached scsi generic sg1 type 0
[   12.322922] sd 2:0:1:0: [sdb] 20480 512-byte logical blocks: (10.5 MB/10.0 MiB)
[   12.323137] sd 2:0:1:0: [sdb] Write Protect is off
[   12.323274] sd 2:0:1:0: [sdb] Incomplete mode parameter data
[   12.323275] sd 2:0:1:0: [sdb] Assuming drive cache: write through
[   12.324339]  sda: sda1
[   12.324745] sd 2:0:1:0: [sdb] Attached SCSI disk
[   12.325077] sd 2:0:0:0: [sda] Attached SCSI disk
[   12.902970] floppy0: no floppy controllers found
Begin: Loading e[   14.184285] md: linear personality registered for level -1
ssential drivers[   14.253704] md: multipath personality registered for level -4
 ... [   14.313734] md: raid0 personality registered for level 0
[   14.318250] md: raid1 personality registered for level 1
[   14.470311] raid6: sse2x1   gen() 12722 MB/s
[   14.550324] raid6: sse2x1   xor()  9841 MB/s
[   14.630313] raid6: sse2x2   gen() 16495 MB/s
[   14.706994] raid6: sse2x2   xor() 10065 MB/s
[   15.111341] raid6: sse2x4   gen() 16776 MB/s
[   15.430319] raid6: sse2x4   xor() 12931 MB/s
[   15.670557] raid6: using algorithm sse2x4 gen() 16776 MB/s
[   16.010589] raid6: .... xor() 12931 MB/s, rmw enabled
[   16.340580] raid6: using ssse3x2 recovery algorithm
[   16.671750] xor: automatically using best checksumming function:
[   16.878786]    avx       : 23000.000 MB/sec
[   16.997934] async_tx: api initialized (async)
[   17.126045] md: raid6 personality registered for level 6
[   17.320773] md: raid5 personality registered for level 5
[   17.324133] md: raid4 personality registered for level 4
[   17.330212] md: raid10 personality registered for level 10
done.
Begin: Running /scripts/init-premount ... done.
Begin: Mounting root file system ... Begin: Running /scripts/local-top ... done.
Begin: Running /scripts/local-premount ... [   17.465773] Btrfs loaded
Scanning for Btrfs filesystems
done.
Warning: [   17.564103] EXT4-fs (sda1): mounted filesystem with ordered data mode. Opts: (null)
fsck not present, so skipping root file system
done.
Begin: Running /scripts/local-bottom ... done.
Begin: Running /scripts/init-bottom ... done.
[   17.873477] systemd[1]: systemd 229 running in system mode. (+PAM +AUDIT +SELINUX +IMA +APPARMOR +SMACK +SYSVINIT +UTMP +LIBCRYPTSETUP +GCRYPT +GNUTLS +ACL +XZ -LZ4 +SECCOMP +BLKID +ELFUTILS +KMOD -IDN)
[   18.192496] systemd[1]: Detected virtualization oracle.
[   18.193137] systemd[1]: Detected architecture x86-64.

Welcome to [1mUbuntu 16.04.4 LTS[0m!

[   18.219152] systemd[1]: Set hostname to <ubuntu>.
[   18.358966] systemd[1]: Initializing machine ID from random generator.
[   18.538546] systemd[1]: Installed transient /etc/machine-id file.
[   18.841415] systemd[1]: Listening on LVM2 poll daemon socket.
[[0;32m  OK  [0m] Listening on LVM2 poll daemon socket.
[   18.944072] systemd[1]: Listening on LVM2 metadata daemon socket.
[[0;32m  OK  [0m] Listening on LVM2 metadata daemon socket.
[   18.946625] systemd[1]: Set up automount Arbitrary Executable File Formats File System Automount Point.
[[0;32m  OK  [0m] Set up automount Arbitrary Executab...ats File System Automount Point.
[   18.948794] systemd[1]: Reached target Encrypted Volumes.
[[0;32m  OK  [0m] Reached target Encrypted Volumes.
[   18.952534] systemd[1]: Started Forward Password Requests to Wall Directory Watch.
[[0;32m  OK  [0m] Started Forward Password Requests to Wall Directory Watch.
[   19.035189] systemd[1]: Listening on Journal Socket.
[[0;32m  OK  [0m] Listening on Journal Socket.
[   19.217197] systemd[1]: Listening on Journal Audit Socket.
[[0;32m  OK  [0m] Listening on Journal Audit Socket.
[   19.226992] systemd[1]: Listening on udev Control Socket.
[[0;32m  OK  [0m] Listening on udev Control Socket.
[   19.339220] systemd[1]: Listening on Journal Socket (/dev/log).
[[0;32m  OK  [0m] Listening on Journal Socket (/dev/log).
[   19.543248] systemd[1]: Listening on /dev/initctl Compatibility Named Pipe.
[[0;32m  OK  [0m] Listening on /dev/initctl Compatibility Named Pipe.
[   19.787144] systemd[1]: Listening on udev Kernel Socket.
[[0;32m  OK  [0m] Listening on udev Kernel Socket.
[   19.987222] systemd[1]: Started Trigger resolvconf update for networkd DNS.
[[0;32m  OK  [0m] Started Trigger resolvconf update for networkd DNS.
[   20.255175] systemd[1]: Listening on Device-mapper event daemon FIFOs.
[[0;32m  OK  [0m] Listening on Device-mapper event daemon FIFOs.
[   20.305036] systemd[1]: Created slice User and Session Slice.
[[0;32m  OK  [0m] Created slice User and Session Slice.
[   20.308443] systemd[1]: Created slice System Slice.
[[0;32m  OK  [0m] Created slice System Slice.
[   20.327118] systemd[1]: Starting Monitoring of LVM2 mirrors, snapshots etc. using dmeventd or progress polling...
         Starting Monitoring of LVM2 mirrors... dmeventd or progress polling...
[   20.336693] systemd[1]: Starting Create list of required static device nodes for the current kernel...
         Starting Create list of required st... nodes for the current kernel...
[   20.611003] systemd[1]: Mounting Debug File System...
         Mounting Debug File System...
[   20.807256] systemd[1]: Starting Remount Root and Kernel File Systems...
[   21.006773]rrnndom:nnnnllcckingppoo  ssiinitialized
         [   21.343050] EXT4-fs (sda1): re-mounted. Opts: (null)
Starting Remount Root and Kernel File Systems...
[   21.863158] systemd[1]: Reached target Slices.
[[0;32m  OK  [0m] Reached target Slices.
[   22.047068] systemd[1]: Starting Uncomplicated firewall...
         Starting Uncomplicated firewall...
[   22.243010] systemd[1]: Starting Load Kernel Modules...
         [   22.393449] Loading iSCSI transport class v2.0-870.
Starting Load Kernel Modules...
[   22.401939] systemd[1]: Starting Set console keymap...
         [   22.574743] iscsi: registered transport (tcp)
Starting Set console keymap...
[   22.601869] iscsi: registered transport (iser)
[   22.638925] systemd[1]: Starting Nameserver information manager...
         Starting Nameserver information manager...
[   22.659333] systemd[1]: Mounting POSIX Message Queue File System...
         Mounting POSIX Message Queue File System...
[   22.859647] systemd[1]: Created slice system-serial\x2dgetty.slice.
[[0;32m  OK  [0m] Created slice system-serial\x2dgetty.slice.
[   23.095180] systemd[1]: Reached target User and Group Name Lookups.
[[0;32m  OK  [0m] Reached target User and Group Name Lookups.
[   23.351075] systemd[1]: Mounting Huge Pages File System...
         Mounting Huge Pages File System...
[   23.459407] systemd[1]: Reached target Swap.
[[0;32m  OK  [0m] Reached target Swap.
[   23.623225] systemd[1]: Listening on Syslog Socket.
[[0;32m  OK  [0m] Listening on Syslog Socket.
[   23.819172] systemd[1]: Starting Journal Service...
         Starting Journal Service...
[   24.020274] systemd[1]: Mounted POSIX Message Queue File System.
[[0;32m  OK  [0m] Mounted POSIX Message Queue File System.
[   24.247120] systemd[1]: Mounted Huge Pages File System.
[[0;32m  OK  [0m] Mounted Huge Pages File System.
[   24.439115] systemd[1]: Mounted Debug File System.
[[0;32m  OK  [0m] Mounted Debug File System.
[   24.499808] systemd[1]: Started Journal Service.
[[0;32m  OK  [0m] Started Journal Service.
[[0;32m  OK  [0m] Started Create list of required sta...ce nodes for the current kernel.
[[0;32m  OK  [0m] Started Remount Root and Kernel File Systems.
[[0;32m  OK  [0m] Started Uncomplicated firewall.
[[0;32m  OK  [0m] Started Load Kernel Modules.
[[0;32m  OK  [0m] Started Set console keymap.
[[0;32m  OK  [0m] Started Nameserver information manager.
[[0;32m  OK  [0m] Started LVM2 metadata daemon.
         Starting Apply Kernel Variables...
         Mounting FUSE Control File System...
         Starting Initial cloud-init job (pre-networking)...
         Starting udev Coldplug all Devices...
         Starting Load/Save Random Seed...
         Starting Create Static Device Nodes in /dev...
         Starting Flush Journal to Persistent Storage...
[[0;32m  OK  [0m] Mounted FUSE Control File System.
[[0;32m  OK  [0m] Started Apply Kernel Variables.
[[0;32m  OK  [0m] Started Load/Save Random Seed.
[[0;32m  OK  [0m] Started Create Static Device Nodes in /dev.
[[0;32m  OK  [0m] Started Flush Journal to Persistent Storage.
[[0;32m  OK  [0m] Started udev Coldplug all Devices.
         Starting udev Kernel Device Manager...
[[0;32m  OK  [0m] Started udev Kernel Device Manager.
[[0;32m  OK  [0m] Started Dispatch Password Requests to Console Directory Watch.
[[0;32m  OK  [0m] Started Monitoring of LVM2 mirrors,...ng dmeventd or progress polling.
[[0;32m  OK  [0m] Found device /dev/ttyS0.
[[0;32m  OK  [0m] Reached target Local File Systems (Pre).
[[0;32m  OK  [0m] Reached target Local File Systems.
[   20.862532] cloud-init[453]: Cloud-init v. 17.1 running 'init-local' at Wed, 28 Feb 2018 11:27:31 +0000. Up 20.67 seconds.
         Starting Tell Plymouth To Write Out Runtime Data...
         Starting Set console font and keymap...
         Starting LSB: AppArmor initialization...
         Starting Create Volatile Files and Directories...
         Starting Commit a transient machine-id on disk...
[[0;32m  OK  [0m] Started Tell Plymouth To Write Out Runtime Data.
[[0;1;31mFAILED[0m] Failed to start Set console font and keymap.
See 'systemctl status console-setup.service' for details.
[[0;32m  OK  [0m] Started Create Volatile Files and Directories.
[[0;32m  OK  [0m] Started Commit a transient machine-id on disk.
[[0;32m  OK  [0m] Started Initial cloud-init job (pre-networking).
[[0;32m  OK  [0m] Listening on Load/Save RF Kill Switch Status /dev/rfkill Watch.
[[0;32m  OK  [0m] Reached target Network (Pre).
         Starting Update UTMP about System Boot/Shutdown...
[[0;32m  OK  [0m] Reached target System Time Synchronized.
[[0;32m  OK  [0m] Created slice system-getty.slice.
[[0;32m  OK  [0m] Started LSB: AppArmor initialization.
[[0;32m  OK  [0m] Started Update UTMP about System Boot/Shutdown.
         Starting Raise network interfaces...
[[0;32m  OK  [0m] Started Raise network interfaces.
[[0;32m  OK  [0m] Reached target Network.
         Starting Initial cloud-init job (metadata service crawler)...
[   24.587708] cloud-init[910]: Cloud-init v. 17.1 running 'init' at Wed, 28 Feb 2018 11:27:35 +0000. Up 24.00 seconds.
[   24.668722] [cloud-init[0;32m  OK  [0m[910]: ] ci-info: +++++++++++++++++++++++++++++++++++++Net device info++++++++++++++++++++++++++++++++++++++Started Initial cloud-init job (metadata service crawler).

[   24.669205] cloud-init[910]: ci-info: +--------+------+----------------------------+---------------+-------+-------------------+
[   24.932636] [cloud-init[0;32m  OK  [0m[910]: ] ci-info: | Device |  Up  |          Address           |      Mask     | Scope |     Hw-Address    |Reached target Cloud-config availability.

[   24.933315] [cloud-init[0;32m  OK  [0m[910]: ] ci-info: +--------+------+----------------------------+---------------+-------+-------------------+Reached target Network is Online.

[   25.065626] cloud-init[910]: ci-info: | enp0s3 | True |         10.0.2.15          | 255.255.255.0 |   .   | 02:27:b7:20:75:f7 |
[   25.264474]          cloud-initStarting iSCSI initiator daemon (iscsid)...[910]: 
ci-info: | enp0s3 | True | fe80::27:b7ff:fe20:75f7/64 |       .       |  link | 02:27:b7:20:75:f7 |
[   25.384582] [cloud-init[0;32m  OK  [0m[910]: ] ci-info: |   lo   | True |         127.0.0.1          |   255.0.0.0   |   .   |         .         |Reached target System Initialization.

[[0;32m  OK  [0m] Listening on ACPID Listen Socket.
[[0;32m  OK  [0m] Started Daily Cleanup of Temporary Directories.
[   25.385186] cloud-init[910]: ci-info: |   lo   | True |          ::1/128           |       .       |  host |         .         |
[   25.654807] [cloud-init[0;32m  OK  [0m[910]: ] ci-info: +--------+------+----------------------------+---------------+-------+-------------------+Listening on UUID daemon activation socket.

[   25.808339]          cloud-initStarting Socket activation for snappy daemon.[910]: 
ci-info: +++++++++++++++++++++++++++Route IPv4 info++++++++++++++++++++++++++++
[   25.928522] [cloud-init[0;32m  OK  [0m[910]: ] ci-info: +-------+-------------+----------+---------------+-----------+-------+Listening on D-Bus System Message Bus Socket.

[   25.929080] [cloud-init[0;32m  OK  [0m[910]: ] ci-info: | Route | Destination | Gateway  |    Genmask    | Interface | Flags |Started Daily apt download activities.

[   26.031331] [[0;32m  OK  [0m] Started Daily apt upgrade and clean activities.
cloud-init[910]: ci-info: +-------+-------------+----------+---------------+-----------+-------+
[   26.140782] [cloud-init[0;32m  OK  [0m[910]: ] ci-info: |   0   |   0.0.0.0   | 10.0.2.2 |    0.0.0.0    |   enp0s3  |   UG  |Started ACPI Events Check.

[[0;32m  OK  [0m] Reached target Paths.
[   26.141725] cloud-init[910]: ci-info: |   1   |   10.0.2.0  | 0.0.0.0  | 255.255.255.0 |   enp0s3  |   U   |
[   26.270334]          cloud-initStarting LXD - unix socket.[910]: 
ci-info: +-------+-------------+----------+---------------+-----------+-------+
[[0;32m  OK  [0m] Started Timer to automatically refresh installed snaps.
[   26.273182] [cloud-init[0;32m  OK  [0m[910]: ] Generating public/private rsa key pair.Reached target Timers.

[   26.277324] cloud-init[910]: Your identification has been saved in /etc/ssh/ssh_host_rsa_key.
[   26.280805] cloud-init[910]: Your public key has been saved in /etc/ssh/ssh_host_rsa_key.pub.
[   26.282870] cloud-init[910]: The key fingerprint is:
[   26.285035] [cloud-init[0;32m  OK  [0m[910]: ] SHA256:0GI1PhS7NPolyakj+XcFtOWFYuOCbzglmvcH+fNqu9A root@ubuntu-xenialListening on Socket activation for snappy daemon.

[[0;32m  OK  [0m] Listening on LXD - unix socket.
[[0;32m  OK  [0m] Started iSCSI initiator daemon (iscsid).
[   26.285395] cloud-init[910]: The key's randomart image is:
         Starting Login to default iSCSI targets...
[   26.297382] [cloud-init[0;32m  OK  [0m[910]: ] +---[RSA 2048]----+Reached target Sockets.

[   26.300872] [cloud-init[0;32m  OK  [0m[910]: ] |        =.   .   |Reached target Basic System.

[   26.303144] cloud-init[910]: |       = o= o .  |
[   26.305783] cloud-init[910]: |      +.B+ * .   |
[   26.308471] cloud-init[910]: |     .o*o*+ .    |
         Starting Apply the settings specified in cloud-config...
[   26.319435] cloud-init[910]: |     o.=So..     |
[   26.375612] cloud-init[910]: |    o.+o=+  .    |
         [   26.388194] cloud-init[910]: |    o.o+ooE.     |
[   26.388247] cloud-init[910]: |     o .o.*      |
[   26.388296] cloud-init[910]: |      .. ++*.    |
[   26.388342] cloud-init[910]: +----[SHA256]-----+
[   26.388387] cloud-init[910]: Generating public/private dsa key pair.
[   26.388434] cloud-init[910]: Your identification has been saved in /etc/ssh/ssh_host_dsa_key.
[   26.388479] cloud-init[910]: Your public key has been saved in /etc/ssh/ssh_host_dsa_key.pub.
[   26.388525] cloud-init[910]: The key fingerprint is:
[   26.388570] cloud-init[910]: SHA256:PTkgzRf6hbT/VG6xndj2aOlogbEMbcD6nMFJOT1args root@ubuntu-xenial
[   26.388616] cloud-init[910]: The key's randomart image is:
[   26.388665] cloud-init[910]: +---[DSA 1024]----+
[   26.388710] cloud-init[910]: |       . oo      |
[   26.388755] cloud-init[910]: |       o*o++     |
[   26.388801] cloud-init[910]: |      .+=O+..  ..|
[   26.388846] cloud-init[910]: |      ..*==+  oo=|
[   26.388892] cloud-init[910]: |       oSB*+...=+|
[   26.388938] cloud-init[910]: |      E = +o.o.+.|
[   26.388983] cloud-init[910]: |       . .   .= .|
[   26.389029] cloud-init[910]: |        .   .+   |
[   26.389077] cloud-init[910]: |           .. .  |
[   26.389124] cloud-init[910]: +----[SHA256]-----+
[   26.389169] cloud-init[910]: Generating public/private ecdsa key pair.
[   26.389215] cloud-init[910]: Your identification has been saved in /etc/ssh/ssh_host_ecdsa_key.
[   26.389261] cloud-init[910]: Your public key has been saved in /etc/ssh/ssh_host_ecdsa_key.pub.
[   26.389306] cloud-init[910]: The key fingerprint is:
[   26.389350] cloud-init[910]: SHA256:uvYILgEm8lBoYUBnr8QI3V65zKyM13OuLWQhWrqWXCU root@ubuntu-xenial
[   26.389397] cloud-init[910]: The key's randomart image is:
[   26.389442] cloud-init[910]: +---[ECDSA 256]---+
[   26.389488] cloud-init[910]: |=*.+   .         |
[   26.389533] cloud-init[910]: |+.B o o          |
[   26.389578] cloud-init[910]: |.o + * .         |
[   26.389627] cloud-init[910]: |=.. E B          |
[   26.389673] cloud-init[910]: |++ B * .S        |
[   26.389718] cloud-init[910]: |  * = =..        |
[   26.389763] cloud-init[910]: | . *.o.+         |
[   26.389809] cloud-init[910]: |  *. .o+.        |
[   26.389855] cloud-init[910]: | . ...++o        |
[   26.389900] cloud-init[910]: +----[SHA256]-----+
[   26.389945] cloud-init[910]: Generating public/private ed25519 key pair.
[   26.389991] cloud-init[910]: Your identification has been saved in /etc/ssh/ssh_host_ed25519_key.
[   26.390036] cloud-init[910]: Your public key has been saved in /etc/ssh/ssh_host_ed25519_key.pub.
[   26.390083] cloud-init[910]: The key fingerprint is:
[   26.391419] cloud-init[910]: SHA256:Z/qjD5W5RYZ8lekLXWqP0aqvg2T/2k7DB/tKv2pWY8M root@ubuntu-xenial
[   26.391474] cloud-init[910]: The key's randomart image is:
[   26.391521] cloud-init[910]: +--[ED25519 256]--+
[   26.391567] cloud-init[910]: |              .o |
[   26.391612] cloud-init[910]: |         . . .o .|
[   26.391658] cloud-init[910]: |          o +o + |
[   26.391703] cloud-init[910]: |           *. * .|
[   26.391749] cloud-init[910]: |        S * .oo* |
[   26.391794] cloud-init[910]: |         =oo .+E.|
[   26.391840] cloud-init[910]: |        oo.o .O +|
[   26.391887] cloud-init[910]: |         oo +* = |
Starting Login Service...
[   26.392202] cloud-init[910]: |        .oo.=OBo+|
[[0;32m  OK  [0m] Started Deferred execution scheduler.
[   26.584646] cloud-init[910]: +----[SHA256]-----+
         Starting System Logging Service...
[[   26.697205] cloud-init[1013]: Generating locales (this might take a while)...
[0;32m  OK  [0m] Started Unattended Upgrades Shutdown.
[[0;32m  OK  [0m] Started Regular background program processing daemon.
[[0;32m  OK  [0m] Started ACPI event daemon.
         Starting LSB: Record successful boot for GRUB...
         Starting LXD - container startup/shutdown...
         Starting /etc/rc.local Compatibility...
         Starting Pollinate to seed the pseudo random number generator...
[   27.205535] cloud-init[1013]:   en_US.UTF-8... done
         Starting Accounts Service...
[   27.286683] cloud-init[1013]: Generation complete.
         Starting LSB: MD monitoring daemon...
[[0;32m  OK  [0m] Started FUSE filesystem for LXC.
[   27.452561] cloud-init[1013]: Cloud-init v. 17.1 running 'modules:config' at Wed, 28 Feb 2018 11:27:37 +0000. Up 26.50 seconds.
[[0;32m  OK  [0m] Started D-Bus System Message Bus.
         Starting Snappy daemon...
[[0;32m  OK  [0m] Started System Logging Service.
[[0;32m  OK  [0m] Started Apply the settings specified in cloud-config.
[[0;32m  OK  [0m] Started LXD - container startup/shutdown.
[[0;32m  OK  [0m] Started /etc/rc.local Compatibility.
[[0;32m  OK  [0m] Started Pollinate to seed the pseudo random number generator.
[[0;32m  OK  [0m] Started Snappy daemon.
[[0;32m  OK  [0m] Started Login to default iSCSI targets.
[[0;32m  OK  [0m] Started LSB: Record successful boot for GRUB.
[[0;32m  OK  [0m] Started LSB: MD monitoring daemon.
[[0;32m  OK  [0m] Started Login Service.
         Starting Authenticate and Authorize Users to Run Privileged Tasks...
[[0;32m  OK  [0m] Reached target Remote File Systems (Pre).
[[0;32m  OK  [0m] Reached target Remote File Systems.
         Starting LSB: automatic crash report generation...
         Starting LSB: VirtualBox Linux Additions...
         Starting LSB: daemon to balance interrupts for SMP systems...
         Starting Permit User Sessions...
         Starting LSB: Set the CPU Frequency Scaling governor to "ondemand"...
         Starting OpenBSD Secure Shell server...
[[0;32m  OK  [0m] Started OpenBSD Secure Shell server.
[[0;32m  OK  [0m] Started Permit User Sessions.
[[0;32m  OK  [0m] Started Authenticate and Authorize Users to Run Privileged Tasks.
[[0;32m  OK  [0m] Started Accounts Service.
         Starting Terminate Plymouth Boot Screen...
         Starting Hold until boot process finishes up...
[[0;32m  OK  [0m] Started LSB: automatic crash report generation.
[[0;32m  OK  [0m] Started LSB: VirtualBox Linux Additions.
[[0;32m  OK  [0m] Started LSB: daemon to balance interrupts for SMP systems.
[[0;32m  OK  [0m] Started LSB: Set the CPU Frequency Scaling governor to "ondemand".
[[0;32m  OK  [0m] Started Terminate Plymouth Boot Screen.
[[0;32m  OK  [0m] Started Hold until boot process finishes up.
         Starting Set console scheme...
[[0;32m  OK  [0m] Started Getty on tty1.
[[0;32m  OK  [0m] Started Serial Getty on ttyS0.
[[0;32m  OK  [0m] Reached target Login Prompts.
[[0;32m  OK  [0m] Reached target Multi-User System.
[[0;32m  OK  [0m] Reached target Graphical Interface.
         Starting Execute cloud user/final scripts...
         Starting Update UTMP about System Runlevel Changes...
[[0;32m  OK  [0m] Started Set console scheme.
[[0;32m  OK  [0m] Started Update UTMP about System Runlevel Changes.
ci-info: no authorized ssh keys fingerprints found for user ubuntu.
<14>Feb 28 11:27:41 ec2: 
<14>Feb 28 11:27:41 ec2: #############################################################
<14>Feb 28 11:27:41 ec2: -----BEGIN SSH HOST KEY FINGERPRINTS-----
<14>Feb 28 11:27:41 ec2: 1024 SHA256:PTkgzRf6hbT/VG6xndj2aOlogbEMbcD6nMFJOT1args root@ubuntu-xenial (DSA)
<14>Feb 28 11:27:41 ec2: 256 SHA256:uvYILgEm8lBoYUBnr8QI3V65zKyM13OuLWQhWrqWXCU root@ubuntu-xenial (ECDSA)
<14>Feb 28 11:27:41 ec2: 256 SHA256:Z/qjD5W5RYZ8lekLXWqP0aqvg2T/2k7DB/tKv2pWY8M root@ubuntu-xenial (ED25519)
<14>Feb 28 11:27:41 ec2: 2048 SHA256:0GI1PhS7NPolyakj+XcFtOWFYuOCbzglmvcH+fNqu9A root@ubuntu-xenial (RSA)
<14>Feb 28 11:27:41 ec2: -----END SSH HOST KEY FINGERPRINTS-----
<14>Feb 28 11:27:41 ec2: #############################################################
-----BEGIN SSH HOST KEY KEYS-----
ecdsa-sha2-nistp256 AAAAE2VjZHNhLXNoYTItbmlzdHAyNTYAAAAIbmlzdHAyNTYAAABBBDLun386HDAHEgoesBlZhpYb6DdtzjTbK1PfEs40UWG2l+l0ooFmvL71WLz8xJJYpD4ObSnjPcPznf2Yb1lt3lc= root@ubuntu-xenial
ssh-ed25519 AAAAC3NzaC1lZDI1NTE5AAAAIHqHrgVGHOqQwRaqyhhVaA5Uqd78YGpEozXFLBRjnvxF root@ubuntu-xenial
ssh-rsa AAAAB3NzaC1yc2EAAAADAQABAAABAQCj61Iix4LZGs8MgH0qeUR94CJM1uceTdPH8X9WVs0YL/4tM8r5EorTn44wFw7wqPgj7169QjxxXfPXlX3+/PNWcOQ/Ut+1H6xmKU4kSuN/imETQ3cpLKc8bNrEToH/Aoc5s8h6mEwA7hXBE13gA7GK67z19ZujYgs2pTNSRmV518cQ88+IFOXsON+r8f0Ljg+aif/t7BQUBw3yyas0tq59FGQXB/1pHZIqhFL2MnAGbmRalHwsuTnwIJ1CKuLdvKnb2U1X372usc2oFHn7gsWJX3XPGrQCEqrCAjyzzLa0f6Rp0vr7ZhsbaedbuiycvdaRjwJjlc4H8+IFh54diPpJ root@ubuntu-xenial
-----END SSH HOST KEY KEYS-----
[[0;32m  OK  [0m] Created slice User Slice of vagrant.
[   30.775485] cloud-init[1257]: Cloud-init v. 17.1 running 'modules:final' at Wed, 28 Feb 2018 11:27:41 +0000. Up 29.78 seconds.
[   30.908556] cloud-init[1257]: ci-info: no authorized ssh keys fingerprints found for user ubuntu.
         Starting User Manager for UID 1000...
[   30.908810] cloud-init[1257]: Cloud-init v. 17.1 finished at Wed, 28 Feb 2018 11:27:42 +0000. Datasource DataSourceNoCloud [seed=/dev/sdb][dsmode=net].  Up 30.76 seconds
[[0;32m  OK  [0m] Started User Manager for UID 1000.
[[0;32m  OK  [0m] Started Execute cloud user/final scripts.
[[0;32m  OK  [0m] Started Session 1 of user vagrant.
[[0;32m  OK  [0m] Reached target Cloud-init target.

Ubuntu 16.04.4 LTS ubuntu-xenial ttyS0

ubuntu-xenial login: 